0 info it worked if it ends with ok
1 verbose cli [ '/usr/local/bin/node', '/usr/local/bin/npm', 'run', 'build' ]
2 info using npm@6.4.1
3 info using node@v10.14.1
4 verbose run-script [ 'prebuild', 'build', 'postbuild' ]
5 info lifecycle nms-monitoring@0.1.0~prebuild: nms-monitoring@0.1.0
6 info lifecycle nms-monitoring@0.1.0~build: nms-monitoring@0.1.0
7 verbose lifecycle nms-monitoring@0.1.0~build: unsafe-perm in lifecycle true
8 verbose lifecycle nms-monitoring@0.1.0~build: PATH: /usr/local/lib/node_modules/npm/node_modules/npm-lifecycle/node-gyp-bin:/Users/sudhatri/Desktop/gitProjects/CMADUIReact/node_modules/.bin:/usr/local/Cellar/maven/3.5.3//bin:/Library/Java/JavaVirtualMachines/jdk1.8.0_171.jdk/Contents/Home/bin:/usr/local/bin:/usr/local/bin:/usr/bin:/bin:/usr/sbin:/sbin:/usr/local/mysql/bin:/opt/X11/bin:/usr/local/Cellar/maven/3.5.3//bin:/Library/Java/JavaVirtualMachines/jdk1.8.0_171.jdk/Contents/Home/bin
9 verbose lifecycle nms-monitoring@0.1.0~build: CWD: /Users/sudhatri/Desktop/gitProjects/CMADUIReact
10 silly lifecycle nms-monitoring@0.1.0~build: Args: [ '-c', 'react-scripts build' ]
11 info lifecycle nms-monitoring@0.1.0~build: Failed to exec build script
12 verbose stack Error: nms-monitoring@0.1.0 build: `react-scripts build`
12 verbose stack spawn ENOENT
12 verbose stack     at ChildProcess.<anonymous> (/usr/local/lib/node_modules/npm/node_modules/npm-lifecycle/lib/spawn.js:48:18)
12 verbose stack     at ChildProcess.emit (events.js:182:13)
12 verbose stack     at maybeClose (internal/child_process.js:962:16)
12 verbose stack     at Process.ChildProcess._handle.onexit (internal/child_process.js:251:5)
13 verbose pkgid nms-monitoring@0.1.0
14 verbose cwd /Users/sudhatri/Desktop/gitProjects/CMADUIReact
15 verbose Darwin 18.2.0
16 verbose argv "/usr/local/bin/node" "/usr/local/bin/npm" "run" "build"
17 verbose node v10.14.1
18 verbose npm  v6.4.1
19 error file sh
20 error code ELIFECYCLE
21 error errno ENOENT
22 error syscall spawn
23 error nms-monitoring@0.1.0 build: `react-scripts build`
23 error spawn ENOENT
24 error Failed at the nms-monitoring@0.1.0 build script.
24 error This is probably not a problem with npm. There is likely additional logging output above.
25 verbose exit [ 1, true ]
