0 info it worked if it ends with ok
1 verbose cli [ '/usr/local/bin/node', '/usr/local/bin/npm', 'run', 'build' ]
2 info using npm@6.4.1
3 info using node@v10.14.1
4 verbose run-script [ 'prebuild', 'build', 'postbuild' ]
5 info lifecycle nms-monitoring@0.1.0~prebuild: nms-monitoring@0.1.0
6 info lifecycle nms-monitoring@0.1.0~build: nms-monitoring@0.1.0
7 verbose lifecycle nms-monitoring@0.1.0~build: unsafe-perm in lifecycle true
8 verbose lifecycle nms-monitoring@0.1.0~build: PATH: /usr/local/lib/node_modules/npm/node_modules/npm-lifecycle/node-gyp-bin:/Users/sudhatri/Desktop/gitProjects/CMADUIReact/node_modules/.bin:/usr/local/Cellar/maven/3.5.3//bin:/Library/Java/JavaVirtualMachines/jdk1.8.0_171.jdk/Contents/Home/bin:/usr/local/bin:/usr/local/bin:/usr/bin:/bin:/usr/sbin:/sbin:/usr/local/mysql/bin:/opt/X11/bin:/usr/local/Cellar/maven/3.5.3//bin:/Library/Java/JavaVirtualMachines/jdk1.8.0_171.jdk/Contents/Home/bin
9 verbose lifecycle nms-monitoring@0.1.0~build: CWD: /Users/sudhatri/Desktop/gitProjects/CMADUIReact
10 silly lifecycle nms-monitoring@0.1.0~build: Args: [ '-c', 'react-scripts build' ]
11 silly lifecycle nms-monitoring@0.1.0~build: Returned: code: 1  signal: null
12 info lifecycle nms-monitoring@0.1.0~build: Failed to exec build script
13 verbose stack Error: nms-monitoring@0.1.0 build: `react-scripts build`
13 verbose stack Exit status 1
13 verbose stack     at EventEmitter.<anonymous> (/usr/local/lib/node_modules/npm/node_modules/npm-lifecycle/index.js:301:16)
13 verbose stack     at EventEmitter.emit (events.js:182:13)
13 verbose stack     at ChildProcess.<anonymous> (/usr/local/lib/node_modules/npm/node_modules/npm-lifecycle/lib/spawn.js:55:14)
13 verbose stack     at ChildProcess.emit (events.js:182:13)
13 verbose stack     at maybeClose (internal/child_process.js:962:16)
13 verbose stack     at Process.ChildProcess._handle.onexit (internal/child_process.js:251:5)
14 verbose pkgid nms-monitoring@0.1.0
15 verbose cwd /Users/sudhatri/Desktop/gitProjects/CMADUIReact
16 verbose Darwin 18.2.0
17 verbose argv "/usr/local/bin/node" "/usr/local/bin/npm" "run" "build"
18 verbose node v10.14.1
19 verbose npm  v6.4.1
20 error code ELIFECYCLE
21 error errno 1
22 error nms-monitoring@0.1.0 build: `react-scripts build`
22 error Exit status 1
23 error Failed at the nms-monitoring@0.1.0 build script.
23 error This is probably not a problem with npm. There is likely additional logging output above.
24 verbose exit [ 1, true ]
